[15:19:09] [ServerMain/INFO]: Environment: authHost='https://authserver.mojang.com', accountsHost='https://api.mojang.com', sessionHost='https://sessionserver.mojang.com', servicesHost='https://api.minecraftservices.com', name='PROD'
[15:19:10] [ServerMain/INFO]: Loaded 7 recipes
[15:19:11] [Server thread/INFO]: Starting minecraft server version 1.20.1
[15:19:11] [Server thread/INFO]: Loading properties
[15:19:11] [Server thread/INFO]: This server is running Purpur version git-Purpur-2050 (MC: 1.20.1) (Implementing API version 1.20.1-R0.1-SNAPSHOT) (Git: 423c2af on HEAD)
[15:19:11] [Server thread/INFO]: Server Ping Player Sample Count: 12
[15:19:11] [Server thread/INFO]: Using 4 threads for Netty based IO
[15:19:12] [Server thread/INFO]: [ChunkTaskScheduler] Chunk system is using 1 I/O threads, 1 worker threads, and gen parallelism of 1 threads
[15:19:13] [Server thread/WARN]: [Pufferfish] Will not enable SIMD! These optimizations are only safely supported on Java 17, Java 18, and Java 19.
[15:19:13] [Server thread/INFO]: Default game type: SURVIVAL
[15:19:13] [Server thread/INFO]: Generating keypair
[15:19:13] [Server thread/INFO]: Starting Minecraft server on *:25565
[15:19:13] [Server thread/INFO]: Using epoll channel type
[15:19:13] [Server thread/INFO]: Paper: Using libdeflate (Linux x86_64) compression from Velocity.
[15:19:13] [Server thread/INFO]: Paper: Using OpenSSL 1.1.x (Linux x86_64) cipher from Velocity.
[15:19:16] [Server thread/INFO]: [ViaVersion] Loading server plugin ViaVersion v4.9.2
[15:19:16] [Server thread/INFO]: [ViaVersion] ViaVersion 4.9.2 is now loaded. Registering protocol transformers and injecting...
[15:19:17] [Via-Mappingloader-0/INFO]: [ViaVersion] Loading block connection mappings ...
[15:19:17] [Server thread/INFO]: [ViaBackwards] Loading translations...
[15:19:17] [Server thread/INFO]: [ViaBackwards] Registering protocols...
[15:19:18] [Via-Mappingloader-0/INFO]: [ViaVersion] Using FastUtil Long2ObjectOpenHashMap for block connections
[15:19:18] [Server thread/INFO]: [LuckPerms] Loading server plugin LuckPerms v5.4.117
[15:19:18] [Server thread/INFO]: [Vault] Loading server plugin Vault v1.7.3-b131
[15:19:18] [Server thread/INFO]: [floodgate] Loading server plugin floodgate v2.2.2-SNAPSHOT (b90-2886a71)
[15:19:19] [Server thread/WARN]: [floodgate] en_ is not a supported Floodgate language.
[15:19:19] [Server thread/INFO]: [floodgate] Took 696ms to boot Floodgate
[15:19:19] [Server thread/INFO]: [ViaBackwards] Loading server plugin ViaBackwards v4.9.1
[15:19:19] [Server thread/INFO]: [WorldEdit] Loading server plugin WorldEdit v7.2.18+6616-abda4e0
[15:19:20] [Server thread/INFO]: Got request to register class com.sk89q.worldedit.bukkit.BukkitServerInterface with WorldEdit [com.sk89q.worldedit.extension.platform.PlatformManager@61ea2537]
[15:19:20] [Server thread/INFO]: [Geyser-Spigot] Loading server plugin Geyser-Spigot v2.2.2-SNAPSHOT
